<?xml version="1.0" encoding="UTF-8"?>
<!-- Generated by org.testng.reporters.JUnitReportReporter -->
<testsuite hostname="LAPTOP-I3AH956V" failures="0" tests="1" name="PS2" time="0.046" errors="0" timestamp="2025-03-17T18:38:35 IST" skipped="0">
  <testcase classname="PS2" name="tes5tRun" time="0.046"/>
</testsuite> <!-- PS2 -->
